2015-05-29 15:20:13,636 - [INFO] - from play in pool-4-thread-7 
Listening for HTTP on /0:0:0:0:0:0:0:0:9000

2015-05-29 15:20:38,227 - [INFO] - from play in play-internal-execution-context-1 
Application started (Dev)

2015-05-29 15:24:33,528 - [INFO] - from play in play-internal-execution-context-1 
Application started (Dev)

2015-05-29 15:27:47,929 - [INFO] - from play in play-internal-execution-context-1 
Application started (Dev)

2015-05-29 15:28:23,086 - [INFO] - from play in play-internal-execution-context-1 
Application started (Dev)

2015-05-29 15:29:29,728 - [INFO] - from play in play-internal-execution-context-1 
Application started (Dev)

2015-05-29 15:31:47,116 - [INFO] - from play in play-internal-execution-context-1 
Application started (Dev)

2015-05-29 15:33:09,200 - [ERROR] - from application in New I/O worker #3 


! @6maemco91 - Internal server error, for (GET) [/dist/css/gilt-trest.css] ->

play.PlayExceptions$CompilationException: Compilation error[type mismatch;
 found   : controllers.Assets.Asset
 required: String]
	at play.PlayExceptions$CompilationException$.apply(PlayExceptions.scala:27) ~[na:na]
	at play.PlayExceptions$CompilationException$.apply(PlayExceptions.scala:27) ~[na:na]
	at scala.Option.map(Option.scala:145) ~[scala-library-2.11.6.jar:na]
	at play.PlayReload$$anonfun$taskFailureHandler$1.apply(PlayReload.scala:49) ~[na:na]
	at play.PlayReload$$anonfun$taskFailureHandler$1.apply(PlayReload.scala:44) ~[na:na]
	at scala.Option.map(Option.scala:145) ~[scala-library-2.11.6.jar:na]
	at play.PlayReload$.taskFailureHandler(PlayReload.scala:44) ~[na:na]
	at play.PlayReload$.compileFailure(PlayReload.scala:40) ~[na:na]
	at play.PlayReload$$anonfun$compile$1.apply(PlayReload.scala:17) ~[na:na]
	at play.PlayReload$$anonfun$compile$1.apply(PlayReload.scala:17) ~[na:na]
	at scala.util.Either$LeftProjection.map(Either.scala:377) ~[scala-library-2.11.6.jar:na]
	at play.PlayReload$.compile(PlayReload.scala:17) ~[na:na]
	at play.PlayRun$$anonfun$playRunTask$1$$anonfun$apply$2$$anonfun$apply$3$$anonfun$2.apply(PlayRun.scala:62) ~[na:na]
	at play.PlayRun$$anonfun$playRunTask$1$$anonfun$apply$2$$anonfun$apply$3$$anonfun$2.apply(PlayRun.scala:62) ~[na:na]
	at play.runsupport.Reloader.reload(Reloader.scala:295) ~[na:na]
	at play.core.ReloadableApplication$$anonfun$get$1.apply(ApplicationProvider.scala:122) ~[play_2.11-2.3.9.jar:2.3.9]
	at play.core.ReloadableApplication$$anonfun$get$1.apply(ApplicationProvider.scala:120) ~[play_2.11-2.3.9.jar:2.3.9]
	at scala.concurrent.impl.Future$PromiseCompletingRunnable.liftedTree1$1(Future.scala:24) ~[scala-library-2.11.6.jar:na]
	at scala.concurrent.impl.Future$PromiseCompletingRunnable.run(Future.scala:24) ~[scala-library-2.11.6.jar:na]
	at scala.concurrent.forkjoin.ForkJoinTask$AdaptedRunnableAction.exec(ForkJoinTask.java:1361) ~[scala-library-2.11.6.jar:na]
	at scala.concurrent.forkjoin.ForkJoinTask.doExec(ForkJoinTask.java:260) ~[scala-library-2.11.6.jar:na]
	at scala.concurrent.forkjoin.ForkJoinPool$WorkQueue.runTask(ForkJoinPool.java:1339) ~[scala-library-2.11.6.jar:na]
	at scala.concurrent.forkjoin.ForkJoinPool.runWorker(ForkJoinPool.java:1979) ~[scala-library-2.11.6.jar:na]
	at scala.concurrent.forkjoin.ForkJoinWorkerThread.run(ForkJoinWorkerThread.java:107) ~[scala-library-2.11.6.jar:na]

2015-05-29 15:33:21,887 - [ERROR] - from application in New I/O worker #3 


! @6maemdh10 - Internal server error, for (GET) [/dist/css/gilt-trest.css] ->

play.PlayExceptions$RoutesCompilationException: Compilation error[Controller method call expected]
	at play.PlaySourceGenerators$$anonfun$1.apply(PlaySourceGenerators.scala:24) ~[na:na]
	at play.PlaySourceGenerators$$anonfun$1.apply(PlaySourceGenerators.scala:12) ~[na:na]
	at play.PlaySettings$$anonfun$defaultSettings$29.apply(PlaySettings.scala:119) ~[na:na]
	at play.PlaySettings$$anonfun$defaultSettings$29.apply(PlaySettings.scala:119) ~[na:na]
	at scala.Function7$$anonfun$tupled$1.apply(Function7.scala:35) ~[scala-library-2.11.6.jar:na]
	at scala.Function7$$anonfun$tupled$1.apply(Function7.scala:34) ~[scala-library-2.11.6.jar:na]
	at scala.Function1$$anonfun$compose$1.apply(Function1.scala:47) ~[scala-library-2.11.6.jar:na]
	at sbt.$tilde$greater$$anonfun$$u2219$1.apply(TypeFunctions.scala:40) ~[na:na]
	at sbt.std.Transform$$anon$4.work(System.scala:63) ~[na:na]
	at sbt.Execute$$anonfun$submit$1$$anonfun$apply$1.apply(Execute.scala:226) ~[na:na]
	at sbt.Execute$$anonfun$submit$1$$anonfun$apply$1.apply(Execute.scala:226) ~[na:na]
	at sbt.ErrorHandling$.wideConvert(ErrorHandling.scala:17) ~[na:na]
	at sbt.Execute.work(Execute.scala:235) ~[na:na]
	at sbt.Execute$$anonfun$submit$1.apply(Execute.scala:226) ~[na:na]
	at sbt.Execute$$anonfun$submit$1.apply(Execute.scala:226) ~[na:na]
	at sbt.ConcurrentRestrictions$$anon$4$$anonfun$1.apply(ConcurrentRestrictions.scala:159) ~[na:na]
	at sbt.CompletionService$$anon$2.call(CompletionService.scala:28) ~[na:na]
	at java.util.concurrent.FutureTask.run(FutureTask.java:266) ~[na:1.8.0_40]
	at java.util.concurrent.Executors$RunnableAdapter.call(Executors.java:511) ~[na:1.8.0_40]
	at java.util.concurrent.FutureTask.run(FutureTask.java:266) ~[na:1.8.0_40]
	at java.util.concurrent.ThreadPoolExecutor.runWorker(ThreadPoolExecutor.java:1142) [na:1.8.0_40]
	at java.util.concurrent.ThreadPoolExecutor$Worker.run(ThreadPoolExecutor.java:617) [na:1.8.0_40]
	at java.lang.Thread.run(Thread.java:745) [na:1.8.0_40]

2015-05-29 15:34:04,816 - [ERROR] - from application in New I/O worker #3 


! @6maemg2ch - Internal server error, for (GET) [/dist/css/gilt-trest.css] ->

play.PlayExceptions$RoutesCompilationException: Compilation error[Controller method call expected]
	at play.PlaySourceGenerators$$anonfun$1.apply(PlaySourceGenerators.scala:24) ~[na:na]
	at play.PlaySourceGenerators$$anonfun$1.apply(PlaySourceGenerators.scala:12) ~[na:na]
	at play.PlaySettings$$anonfun$defaultSettings$29.apply(PlaySettings.scala:119) ~[na:na]
	at play.PlaySettings$$anonfun$defaultSettings$29.apply(PlaySettings.scala:119) ~[na:na]
	at scala.Function7$$anonfun$tupled$1.apply(Function7.scala:35) ~[scala-library-2.11.6.jar:na]
	at scala.Function7$$anonfun$tupled$1.apply(Function7.scala:34) ~[scala-library-2.11.6.jar:na]
	at scala.Function1$$anonfun$compose$1.apply(Function1.scala:47) ~[scala-library-2.11.6.jar:na]
	at sbt.$tilde$greater$$anonfun$$u2219$1.apply(TypeFunctions.scala:40) ~[na:na]
	at sbt.std.Transform$$anon$4.work(System.scala:63) ~[na:na]
	at sbt.Execute$$anonfun$submit$1$$anonfun$apply$1.apply(Execute.scala:226) ~[na:na]
	at sbt.Execute$$anonfun$submit$1$$anonfun$apply$1.apply(Execute.scala:226) ~[na:na]
	at sbt.ErrorHandling$.wideConvert(ErrorHandling.scala:17) ~[na:na]
	at sbt.Execute.work(Execute.scala:235) ~[na:na]
	at sbt.Execute$$anonfun$submit$1.apply(Execute.scala:226) ~[na:na]
	at sbt.Execute$$anonfun$submit$1.apply(Execute.scala:226) ~[na:na]
	at sbt.ConcurrentRestrictions$$anon$4$$anonfun$1.apply(ConcurrentRestrictions.scala:159) ~[na:na]
	at sbt.CompletionService$$anon$2.call(CompletionService.scala:28) ~[na:na]
	at java.util.concurrent.FutureTask.run(FutureTask.java:266) ~[na:1.8.0_40]
	at java.util.concurrent.Executors$RunnableAdapter.call(Executors.java:511) ~[na:1.8.0_40]
	at java.util.concurrent.FutureTask.run(FutureTask.java:266) ~[na:1.8.0_40]
	at java.util.concurrent.ThreadPoolExecutor.runWorker(ThreadPoolExecutor.java:1142) [na:1.8.0_40]
	at java.util.concurrent.ThreadPoolExecutor$Worker.run(ThreadPoolExecutor.java:617) [na:1.8.0_40]
	at java.lang.Thread.run(Thread.java:745) [na:1.8.0_40]

2015-05-29 15:35:11,523 - [INFO] - from play in play-internal-execution-context-1 
Application started (Dev)

2015-05-29 15:45:45,199 - [INFO] - from play in play-internal-execution-context-1 
Application started (Dev)

2015-05-29 15:46:05,456 - [INFO] - from play in play-internal-execution-context-1 
Application started (Dev)

2015-05-29 15:46:16,397 - [INFO] - from play in play-internal-execution-context-1 
Application started (Dev)

2015-05-29 15:50:07,830 - [INFO] - from play in play-internal-execution-context-1 
Application started (Dev)

2015-05-29 15:51:47,837 - [INFO] - from play in play-internal-execution-context-1 
Application started (Dev)

2015-05-29 15:52:30,137 - [INFO] - from play in play-internal-execution-context-1 
Application started (Dev)

2015-05-29 15:54:33,010 - [INFO] - from play in play-internal-execution-context-1 
Application started (Dev)

2015-05-29 15:56:03,355 - [INFO] - from play in play-internal-execution-context-1 
Application started (Dev)

2015-05-29 15:56:18,529 - [INFO] - from play in play-internal-execution-context-1 
Application started (Dev)

2015-05-29 15:56:47,096 - [INFO] - from play in play-internal-execution-context-1 
Application started (Dev)

